TN:
SF:src/components/CharacterManager/CharacterManager.jsx
FN:8,(anonymous_0)
FN:43,(anonymous_1)
FN:47,(anonymous_2)
FN:79,(anonymous_3)
FN:85,(anonymous_4)
FNF:5
FNH:5
FNDA:10,(anonymous_0)
FNDA:2,(anonymous_1)
FNDA:1,(anonymous_2)
FNDA:1,(anonymous_3)
FNDA:1,(anonymous_4)
DA:8,2
DA:10,10
DA:40,10
DA:41,10
DA:43,10
DA:44,2
DA:47,10
DA:48,1
DA:51,10
DA:79,1
DA:85,1
LF:11
LH:11
BRDA:58,0,0,2
BRDA:58,0,1,8
BRDA:64,1,0,2
BRDA:64,1,1,8
BRDA:84,2,0,1
BRDA:84,2,1,9
BRF:6
BRH:6
end_of_record
TN:
SF:src/components/CharacterManager/components/AIChat.jsx
FN:3,(anonymous_0)
FN:13,(anonymous_1)
FN:27,(anonymous_2)
FN:33,(anonymous_3)
FN:51,(anonymous_4)
FN:66,(anonymous_5)
FNF:6
FNH:2
FNDA:10,(anonymous_0)
FNDA:0,(anonymous_1)
FNDA:0,(anonymous_2)
FNDA:0,(anonymous_3)
FNDA:10,(anonymous_4)
FNDA:0,(anonymous_5)
DA:3,2
DA:4,10
DA:11,10
DA:13,10
DA:14,0
DA:15,0
DA:18,0
DA:23,0
DA:24,0
DA:27,0
DA:28,0
DA:33,0
DA:37,10
DA:52,10
DA:66,0
LF:15
LH:6
BRDA:15,0,0,0
BRDA:15,0,1,0
BRDA:38,1,0,9
BRDA:38,1,1,1
BRDA:54,2,0,10
BRDA:54,2,1,0
BRF:6
BRH:3
end_of_record
TN:
SF:src/components/CharacterManager/components/Breadcrumb.jsx
FN:4,(anonymous_0)
FN:7,(anonymous_1)
FNF:2
FNH:2
FNDA:10,(anonymous_0)
FNDA:30,(anonymous_1)
DA:4,2
DA:5,10
DA:8,30
LF:3
LH:3
BRDA:10,0,0,10
BRDA:10,0,1,20
BRDA:12,1,0,12
BRDA:12,1,1,18
BRDA:12,2,0,30
BRDA:12,2,1,20
BRDA:18,3,0,30
BRDA:18,3,1,20
BRF:8
BRH:8
end_of_record
TN:
SF:src/components/CharacterManager/components/CharacterDetail.jsx
FN:3,(anonymous_0)
FNF:1
FNH:1
FNDA:2,(anonymous_0)
DA:3,2
DA:4,2
LF:2
LH:2
BRF:0
BRH:0
end_of_record
TN:
SF:src/components/CharacterManager/components/CharacterList.jsx
FN:3,(anonymous_0)
FN:6,(anonymous_1)
FN:10,(anonymous_2)
FNF:3
FNH:3
FNDA:8,(anonymous_0)
FNDA:24,(anonymous_1)
FNDA:2,(anonymous_2)
DA:3,2
DA:4,8
DA:7,24
DA:10,2
LF:4
LH:4
BRF:0
BRH:0
end_of_record
TN:
SF:src/components/NovelEditor/NovelEditor.jsx
FN:10,NovelEditor
FN:14,(anonymous_1)
FN:30,(anonymous_2)
FN:37,(anonymous_3)
FN:44,(anonymous_4)
FN:51,(anonymous_5)
FN:58,(anonymous_6)
FN:65,(anonymous_7)
FNF:8
FNH:1
FNDA:5,NovelEditor
FNDA:0,(anonymous_1)
FNDA:0,(anonymous_2)
FNDA:0,(anonymous_3)
FNDA:0,(anonymous_4)
FNDA:0,(anonymous_5)
FNDA:0,(anonymous_6)
FNDA:0,(anonymous_7)
DA:11,5
DA:12,5
DA:14,5
DA:15,0
DA:16,0
DA:19,5
DA:30,0
DA:37,0
DA:44,0
DA:51,0
DA:58,0
DA:65,0
LF:12
LH:4
BRDA:10,0,0,5
BRDA:15,1,0,0
BRDA:15,1,1,0
BRDA:29,2,0,5
BRDA:29,2,1,0
BRDA:36,3,0,0
BRDA:36,3,1,5
BRDA:43,4,0,0
BRDA:43,4,1,5
BRDA:50,5,0,0
BRDA:50,5,1,5
BRDA:57,6,0,0
BRDA:57,6,1,5
BRDA:64,7,0,0
BRDA:64,7,1,5
BRDA:84,8,0,0
BRDA:84,8,1,5
BRDA:86,9,0,0
BRDA:86,9,1,5
BRDA:88,10,0,0
BRDA:88,10,1,5
BRDA:90,11,0,0
BRDA:90,11,1,5
BRDA:92,12,0,0
BRDA:92,12,1,5
BRF:25
BRH:12
end_of_record
TN:
SF:src/components/NovelEditor/pages/DetailsPage.jsx
FN:3,(anonymous_0)
FNF:1
FNH:0
FNDA:0,(anonymous_0)
DA:3,1
DA:4,0
LF:2
LH:1
BRF:0
BRH:0
end_of_record
TN:
SF:src/components/NovelEditor/pages/HelpPage.jsx
FN:3,(anonymous_0)
FNF:1
FNH:0
FNDA:0,(anonymous_0)
DA:3,1
DA:4,0
LF:2
LH:1
BRF:0
BRH:0
end_of_record
TN:
SF:src/components/NovelEditor/pages/InnovationPage.jsx
FN:3,(anonymous_0)
FNF:1
FNH:0
FNDA:0,(anonymous_0)
DA:3,1
DA:4,0
LF:2
LH:1
BRF:0
BRH:0
end_of_record
TN:
SF:src/components/NovelEditor/pages/NavigationPage.jsx
FN:3,(anonymous_0)
FNF:1
FNH:0
FNDA:0,(anonymous_0)
DA:3,1
DA:4,0
LF:2
LH:1
BRF:0
BRH:0
end_of_record
